Android Client/app/build/outputs/logs/manifest-merger-release-report.txt
-- Merging decision tree log ---
manifest
ADDED from src\main\AndroidManifest.xml:2:1-93:12
INJECTED from src\main\AndroidManifest.xml:2:1-93:12
INJECTED from src\main\AndroidManifest.xml:2:1-93:12
INJECTED from src\main\AndroidManifest.xml:2:1-93:12
INJECTED from src\main\AndroidManifest.xml:2:1-93:12
INJECTED from src\main\AndroidManifest.xml:2:1-93:12
INJECTED from src\main\AndroidManifest.xml:2:1-93:12
	package
		ADDED from src\main\AndroidManifest.xml:3:5-40
		INJECTED from src\main\AndroidManifest.xml
		INJECTED from src\main\AndroidManifest.xml
	android:versionName
		INJECTED from src\main\AndroidManifest.xml
		ADDED from src\main\AndroidManifest.xml:2:1-93:12
		INJECTED from src\main\AndroidManifest.xml
	android:versionCode
		INJECTED from src\main\AndroidManifest.xml
		ADDED from src\main\AndroidManifest.xml:2:1-93:12
		INJECTED from src\main\AndroidManifest.xml
	xmlns:android
		ADDED from src\main\AndroidManifest.xml:2:11-69
supports-screens
ADDED from src\main\AndroidManifest.xml:4:1-67
	android:xlargeScreens
		ADDED from src\main\AndroidManifest.xml:4:19-47
uses-permission#android.permission.ACCESS_NETWORK_STATE
ADDED from src\main\AndroidManifest.xml:6:5-79
	android:name
		ADDED from src\main\AndroidManifest.xml:6:22-76
uses-permission#android.permission.DISABLE_KEYGUARD
ADDED from src\main\AndroidManifest.xml:7:5-74
	android:name
		ADDED from src\main\AndroidManifest.xml:7:22-72
uses-permission#android.permission.WAKE_LOCK
ADDED from src\main\AndroidManifest.xml:8:5-68
	android:name
		ADDED from src\main\AndroidManifest.xml:8:22-65
uses-permission#android.permission.ACCESS_WIFI_STATE
ADDED from src\main\AndroidManifest.xml:9:5-76
	android:name
		ADDED from src\main\AndroidManifest.xml:9:22-73
uses-permission#android.permission.CHANGE_WIFI_STATE
ADDED from src\main\AndroidManifest.xml:10:5-76
	android:name
		ADDED from src\main\AndroidManifest.xml:10:22-73
uses-permission#android.permission.INTERNET
ADDED from src\main\AndroidManifest.xml:11:5-67
	android:name
		ADDED from src\main\AndroidManifest.xml:11:22-64
uses-permission#android.permission.READ_PHONE_STATE
ADDED from src\main\AndroidManifest.xml:12:5-75
	android:name
		ADDED from src\main\AndroidManifest.xml:12:22-72
uses-permission#com.android.alarm.permission.SET_ALARM
ADDED from src\main\AndroidManifest.xml:13:5-78
	android:name
		ADDED from src\main\AndroidManifest.xml:13:22-75
uses-permission#android.permission.VIBRATE
ADDED from src\main\AndroidManifest.xml:14:5-66
	android:name
		ADDED from src\main\AndroidManifest.xml:14:22-63
uses-permission#android.permission.WRITE_EXTERNAL_STORAGE
ADDED from src\main\AndroidManifest.xml:15:5-81
	android:name
		ADDED from src\main\AndroidManifest.xml:15:22-78
uses-permission#com.google.android.gms.permission.ACTIVITY_RECOGNITION
ADDED from src\main\AndroidManifest.xml:16:5-94
	android:name
		ADDED from src\main\AndroidManifest.xml:16:22-91
uses-permission#android.permission.READ_EXTERNAL_STORAGE
ADDED from src\main\AndroidManifest.xml:17:5-80
	android:name
		ADDED from src\main\AndroidManifest.xml:17:22-77
uses-permission#android.permission.RECORD_AUDIO
ADDED from src\main\AndroidManifest.xml:18:5-71
	android:name
		ADDED from src\main\AndroidManifest.xml:18:22-68
uses-permission#android.permission.ACCESS_FINE_LOCATION
ADDED from src\main\AndroidManifest.xml:19:5-79
	android:name
		ADDED from src\main\AndroidManifest.xml:19:22-76
uses-permission#android.permission.WRITE_SETTINGS
ADDED from src\main\AndroidManifest.xml:20:5-73
	android:name
		ADDED from src\main\AndroidManifest.xml:20:22-70
application
ADDED from src\main\AndroidManifest.xml:22:5-91:19
	android:label
		ADDED from src\main\AndroidManifest.xml:25:9-41
	android:icon
		ADDED from src\main\AndroidManifest.xml:24:9-43
	android:allowBackup
		ADDED from src\main\AndroidManifest.xml:23:9-35
	android:theme
		ADDED from src\main\AndroidManifest.xml:26:9-40
activity#recruitment.iiitd.edu.mew.HomeScreen
ADDED from src\main\AndroidManifest.xml:27:9-32:20
	android:label
		ADDED from src\main\AndroidManifest.xml:30:13-45
	android:launchMode
		ADDED from src\main\AndroidManifest.xml:31:13-48
	android:alwaysRetainTaskState
		ADDED from src\main\AndroidManifest.xml:29:13-49
	android:name
		ADDED from src\main\AndroidManifest.xml:28:13-39
receiver#recruitment.iiitd.edu.rabbitmq.SubscribeReceiver
ADDED from src\main\AndroidManifest.xml:34:9-41:20
	android:enabled
		ADDED from src\main\AndroidManifest.xml:36:13-35
	android:exported
		ADDED from src\main\AndroidManifest.xml:37:13-37
	android:name
		ADDED from src\main\AndroidManifest.xml:35:13-76
intent-filter#recruitment.iiitd.edu.amqpIntent.BROADCAST
ADDED from src\main\AndroidManifest.xml:38:13-40:29
action#recruitment.iiitd.edu.amqpIntent.BROADCAST
ADDED from src\main\AndroidManifest.xml:39:17-85
	android:name
		ADDED from src\main\AndroidManifest.xml:39:25-82
receiver#recruitment.iiitd.edu.mew.MyAdmin
ADDED from src\main\AndroidManifest.xml:42:9-49:20
	android:permission
		ADDED from src\main\AndroidManifest.xml:43:19-76
	android:name
		ADDED from src\main\AndroidManifest.xml:42:19-42
meta-data#android.app.device_admin
ADDED from src\main\AndroidManifest.xml:44:13-45:59
	android:resource
		ADDED from src\main\AndroidManifest.xml:45:24-56
	android:name
		ADDED from src\main\AndroidManifest.xml:44:24-63
intent-filter#android.app.action.DEVICE_ADMIN_ENABLED
ADDED from src\main\AndroidManifest.xml:46:13-48:29
action#android.app.action.DEVICE_ADMIN_ENABLED
ADDED from src\main\AndroidManifest.xml:47:17-82
	android:name
		ADDED from src\main\AndroidManifest.xml:47:25-79
receiver#recruitment.iiitd.edu.mew.StartScreen
ADDED from src\main\AndroidManifest.xml:50:9-58
	android:name
		ADDED from src\main\AndroidManifest.xml:50:19-46
receiver#recruitment.iiitd.edu.mew.StopScreen
ADDED from src\main\AndroidManifest.xml:51:9-57
	android:name
		ADDED from src\main\AndroidManifest.xml:51:19-45
service#recruitment.iiitd.edu.mew.ExtractParameters
ADDED from src\main\AndroidManifest.xml:52:9-54:38
	android:enabled
		ADDED from src\main\AndroidManifest.xml:54:13-35
	android:name
		ADDED from src\main\AndroidManifest.xml:53:13-46
service#recruitment.iiitd.edu.mew.RunningApplications
ADDED from src\main\AndroidManifest.xml:55:9-56
	android:name
		ADDED from src\main\AndroidManifest.xml:55:18-53
receiver#recruitment.iiitd.edu.mew.NetworkChangeReceiver
ADDED from src\main\AndroidManifest.xml:57:7-64:20
	android:label
		ADDED from src\main\AndroidManifest.xml:59:13-50
	android:name
		ADDED from src\main\AndroidManifest.xml:58:13-50
intent-filter#android.net.conn.CONNECTIVITY_CHANGE+android.net.wifi.WIFI_STATE_CHANGED
ADDED from src\main\AndroidManifest.xml:60:13-63:29
action#android.net.conn.CONNECTIVITY_CHANGE
ADDED from src\main\AndroidManifest.xml:61:17-79
	android:name
		ADDED from src\main\AndroidManifest.xml:61:25-76
action#android.net.wifi.WIFI_STATE_CHANGED
ADDED from src\main\AndroidManifest.xml:62:17-78
	android:name
		ADDED from src\main\AndroidManifest.xml:62:25-75
activity#recruitment.iiitd.edu.mew.QueryForm
ADDED from src\main\AndroidManifest.xml:66:9-73:20
	android:parentActivityName
		ADDED from src\main\AndroidManifest.xml:69:13-53
	android:label
		ADDED from src\main\AndroidManifest.xml:68:13-62
	android:name
		ADDED from src\main\AndroidManifest.xml:67:13-38
meta-data#android.support.PARENT_ACTIVITY
ADDED from src\main\AndroidManifest.xml:70:13-72:72
	android:value
		ADDED from src\main\AndroidManifest.xml:72:17-69
	android:name
		ADDED from src\main\AndroidManifest.xml:71:17-63
activity#recruitment.iiitd.edu.mew.SettingsActivity
ADDED from src\main\AndroidManifest.xml:74:9-81:20
	android:parentActivityName
		ADDED from src\main\AndroidManifest.xml:77:13-53
	android:label
		ADDED from src\main\AndroidManifest.xml:76:13-60
	android:name
		ADDED from src\main\AndroidManifest.xml:75:13-45
service#recruitment.iiitd.edu.sensing.SensorReadings
ADDED from src\main\AndroidManifest.xml:83:9-80
	android:name
		ADDED from src\main\AndroidManifest.xml:83:18-77
receiver#recruitment.iiitd.edu.sensing.AlarmReceiver
ADDED from src\main\AndroidManifest.xml:85:9-89:20
	android:name
		ADDED from src\main\AndroidManifest.xml:85:19-77
intent-filter#recruitment.iiitd.edu.subscription.DATACOLLECTION
ADDED from src\main\AndroidManifest.xml:86:13-88:29
action#recruitment.iiitd.edu.subscription.DATACOLLECTION
ADDED from src\main\AndroidManifest.xml:87:17-92
	android:name
		ADDED from src\main\AndroidManifest.xml:87:25-89
uses-sdk
INJECTED from src\main\AndroidManifest.xml reason: use-sdk injection requested
INJECTED from src\main\AndroidManifest.xml
INJECTED from src\main\AndroidManifest.xml
INJECTED from src\main\AndroidManifest.xml
INJECTED from src\main\AndroidManifest.xml
	android:targetSdkVersion
		INJECTED from src\main\AndroidManifest.xml
		ADDED from src\main\AndroidManifest.xml
		INJECTED from src\main\AndroidManifest.xml
	android:minSdkVersion
		INJECTED from src\main\AndroidManifest.xml
		ADDED from src\main\AndroidManifest.xml
		INJECTED from src\main\AndroidManifest.xml